[2026-05-05 13:41:18] [INFO] Conexión a la base de datos establecida correctamente
[2026-05-05 13:49:47] [INFO] Configuración de BD cargada correctamente
[2026-05-05 13:49:48] [INFO] Conexión a la base de datos establecida correctamente
[2026-05-05 13:53:11] [INFO] Configuración de BD cargada correctamente
[2026-05-05 13:53:11] [INFO] Conexión a la base de datos establecida correctamente
<<<<<<< HEAD
[2026-05-05 15:39:32] [INFO] Conexion a la base de datos establecida correctamente
[2026-05-05 15:51:20] [INFO] Conexion a la base de datos establecida correctamente
[2026-05-06 10:33:29] [INFO] Conexion a la base de datos establecida correctamente
[2026-05-06 12:32:39] [INFO] Conexion a la base de datos establecida correctamente
[2026-05-06 18:11:51] [INFO] Conexion a la base de datos establecida correctamente
[2026-05-06 18:21:02] [INFO] Conexion a la base de datos establecida correctamente
[2026-05-06 18:29:44] [INFO] Conexion a la base de datos establecida correctamente
=======
[2026-05-06 10:26:50] [INFO] Conexion a la base de datos establecida correctamente
[2026-05-06 10:31:20] [ERROR] No se pudo conectar a la base de datos - Communications link failure

The last packet sent successfully to the server was 0 milliseconds ago. The driver has not received any packets from the server.
[2026-05-06 10:35:58] [ERROR] No se pudo conectar a la base de datos - Communications link failure

The last packet sent successfully to the server was 0 milliseconds ago. The driver has not received any packets from the server.
[2026-05-06 10:36:15] [ERROR] No se pudo conectar a la base de datos - Communications link failure

The last packet sent successfully to the server was 0 milliseconds ago. The driver has not received any packets from the server.
[2026-05-06 10:38:14] [INFO] Conexion a la base de datos establecida correctamente
[2026-05-06 10:55:07] [INFO] Conexion a la base de datos establecida correctamente
>>>>>>> ead7e2cf85ebefc3182844fd74116d907f9aba51
